-------------------------------------------------------------------------------->8
[2025-03-18T09:01:37.623868421Z][docker-desktop-user-distro] syncContextStores <HOME>/.docker/contexts <-> /mnt/c/Users/nandi/.docker/contexts
[2025-03-18T09:01:37.634084669Z][docker-desktop-user-distro] syncContextStores <HOME>/.docker/contexts <-> /mnt/c/Users/nandi/.docker/contexts os.Symlink <HOME>/.docker/contexts -> /mnt/c/Users/nandi/.docker/contexts
-------------------------------------------------------------------------------->8
[2025-03-18T09:01:38.266780858Z][docker-desktop-user-distro] linkPathToWindows windowsPath = /mnt/c/Users/nandi/.aws, linkPath = <HOME>/.aws
-------------------------------------------------------------------------------->8
[2025-03-18T09:01:39.063046265Z][docker-desktop-user-distro] linkPathToWindows windowsPath = /mnt/c/Users/nandi/.azure, linkPath = <HOME>/.azure
-------------------------------------------------------------------------------->8
[2025-03-18T09:01:39.945654815Z][docker-desktop-user-distro] linkPathToWindows windowsPath = /mnt/c/Users/nandi/.docker/features.json, linkPath = ~/.docker/features.json
-------------------------------------------------------------------------------->8
[2025-03-19T07:04:27.540499098Z][docker-desktop-user-distro] syncContextStores <HOME>/.docker/contexts <-> /mnt/c/Users/nandi/.docker/contexts
[2025-03-19T07:04:27.554841262Z][docker-desktop-user-distro] syncContextStores <HOME>/.docker/contexts <-> /mnt/c/Users/nandi/.docker/contexts: syncNoop
-------------------------------------------------------------------------------->8
[2025-03-19T07:04:28.728883397Z][docker-desktop-user-distro] linkPathToWindows windowsPath = /mnt/c/Users/nandi/.aws, linkPath = <HOME>/.aws
[2025-03-19T07:04:28.785853789Z][docker-desktop-user-distro] no need to symlink <HOME>/.aws to /mnt/c/Users/nandi/.aws: they are the same path already
-------------------------------------------------------------------------------->8
[2025-03-19T07:04:29.818099671Z][docker-desktop-user-distro] linkPathToWindows windowsPath = /mnt/c/Users/nandi/.azure, linkPath = <HOME>/.azure
[2025-03-19T07:04:29.831267759Z][docker-desktop-user-distro] no need to symlink <HOME>/.azure to /mnt/c/Users/nandi/.azure: they are the same path already
-------------------------------------------------------------------------------->8
[2025-03-19T07:04:30.759793840Z][docker-desktop-user-distro] linkPathToWindows windowsPath = /mnt/c/Users/nandi/.docker/features.json, linkPath = ~/.docker/features.json
-------------------------------------------------------------------------------->8
[2025-03-19T12:25:26.603642186Z][docker-desktop-user-distro] syncContextStores <HOME>/.docker/contexts <-> /mnt/c/Users/nandi/.docker/contexts
[2025-03-19T12:25:26.687140973Z][docker-desktop-user-distro] syncContextStores <HOME>/.docker/contexts <-> /mnt/c/Users/nandi/.docker/contexts: syncNoop
-------------------------------------------------------------------------------->8
[2025-03-19T12:25:28.233067898Z][docker-desktop-user-distro] linkPathToWindows windowsPath = /mnt/c/Users/nandi/.aws, linkPath = <HOME>/.aws
[2025-03-19T12:25:28.275031118Z][docker-desktop-user-distro] no need to symlink <HOME>/.aws to /mnt/c/Users/nandi/.aws: they are the same path already
-------------------------------------------------------------------------------->8
[2025-03-19T12:25:29.635011863Z][docker-desktop-user-distro] linkPathToWindows windowsPath = /mnt/c/Users/nandi/.azure, linkPath = <HOME>/.azure
[2025-03-19T12:25:29.669800109Z][docker-desktop-user-distro] no need to symlink <HOME>/.azure to /mnt/c/Users/nandi/.azure: they are the same path already
-------------------------------------------------------------------------------->8
[2025-03-19T12:25:29.840127899Z][docker-desktop-user-distro] linkPathToWindows windowsPath = /mnt/c/Users/nandi/.docker/features.json, linkPath = ~/.docker/features.json
-------------------------------------------------------------------------------->8
[2025-03-19T17:03:29.256350027Z][docker-desktop-user-distro] syncContextStores <HOME>/.docker/contexts <-> /mnt/c/Users/nandi/.docker/contexts
[2025-03-19T17:03:29.325763972Z][docker-desktop-user-distro] syncContextStores <HOME>/.docker/contexts <-> /mnt/c/Users/nandi/.docker/contexts: syncNoop
-------------------------------------------------------------------------------->8
[2025-03-19T17:03:31.108456650Z][docker-desktop-user-distro] linkPathToWindows windowsPath = /mnt/c/Users/nandi/.aws, linkPath = <HOME>/.aws
[2025-03-19T17:03:31.301127391Z][docker-desktop-user-distro] no need to symlink <HOME>/.aws to /mnt/c/Users/nandi/.aws: they are the same path already
-------------------------------------------------------------------------------->8
[2025-03-19T17:03:33.273804616Z][docker-desktop-user-distro] linkPathToWindows windowsPath = /mnt/c/Users/nandi/.azure, linkPath = <HOME>/.azure
[2025-03-19T17:03:33.465335728Z][docker-desktop-user-distro] no need to symlink <HOME>/.azure to /mnt/c/Users/nandi/.azure: they are the same path already
-------------------------------------------------------------------------------->8
[2025-03-19T17:03:35.415191283Z][docker-desktop-user-distro] linkPathToWindows windowsPath = /mnt/c/Users/nandi/.docker/features.json, linkPath = ~/.docker/features.json
-------------------------------------------------------------------------------->8
[2025-03-20T07:04:06.495205282Z][docker-desktop-user-distro] syncContextStores <HOME>/.docker/contexts <-> /mnt/c/Users/nandi/.docker/contexts
[2025-03-20T07:04:06.689285476Z][docker-desktop-user-distro] syncContextStores <HOME>/.docker/contexts <-> /mnt/c/Users/nandi/.docker/contexts: syncNoop
-------------------------------------------------------------------------------->8
[2025-03-20T07:04:09.289712162Z][docker-desktop-user-distro] linkPathToWindows windowsPath = /mnt/c/Users/nandi/.aws, linkPath = <HOME>/.aws
[2025-03-20T07:04:09.733731832Z][docker-desktop-user-distro] no need to symlink <HOME>/.aws to /mnt/c/Users/nandi/.aws: they are the same path already
-------------------------------------------------------------------------------->8
[2025-03-20T07:04:13.029562777Z][docker-desktop-user-distro] linkPathToWindows windowsPath = /mnt/c/Users/nandi/.azure, linkPath = <HOME>/.azure
[2025-03-20T07:04:13.114153148Z][docker-desktop-user-distro] no need to symlink <HOME>/.azure to /mnt/c/Users/nandi/.azure: they are the same path already
-------------------------------------------------------------------------------->8
[2025-03-20T07:04:15.651413361Z][docker-desktop-user-distro] linkPathToWindows windowsPath = /mnt/c/Users/nandi/.docker/features.json, linkPath = ~/.docker/features.json
-------------------------------------------------------------------------------->8
[2025-03-20T08:04:33.199604857Z][docker-desktop-user-distro] syncContextStores <HOME>/.docker/contexts <-> /mnt/c/Users/nandi/.docker/contexts
[2025-03-20T08:04:33.279078752Z][docker-desktop-user-distro] syncContextStores <HOME>/.docker/contexts <-> /mnt/c/Users/nandi/.docker/contexts: syncNoop
-------------------------------------------------------------------------------->8
[2025-03-20T08:04:34.141617243Z][docker-desktop-user-distro] linkPathToWindows windowsPath = /mnt/c/Users/nandi/.aws, linkPath = <HOME>/.aws
[2025-03-20T08:04:34.167357764Z][docker-desktop-user-distro] no need to symlink <HOME>/.aws to /mnt/c/Users/nandi/.aws: they are the same path already
-------------------------------------------------------------------------------->8
[2025-03-20T08:04:35.107712086Z][docker-desktop-user-distro] linkPathToWindows windowsPath = /mnt/c/Users/nandi/.azure, linkPath = <HOME>/.azure
[2025-03-20T08:04:35.154160144Z][docker-desktop-user-distro] no need to symlink <HOME>/.azure to /mnt/c/Users/nandi/.azure: they are the same path already
-------------------------------------------------------------------------------->8
[2025-03-20T08:04:36.360183198Z][docker-desktop-user-distro] linkPathToWindows windowsPath = /mnt/c/Users/nandi/.docker/features.json, linkPath = ~/.docker/features.json
-------------------------------------------------------------------------------->8
[2025-03-20T20:21:50.172135450Z][docker-desktop-user-distro] syncContextStores <HOME>/.docker/contexts <-> /mnt/c/Users/nandi/.docker/contexts
[2025-03-20T20:21:50.312626426Z][docker-desktop-user-distro] syncContextStores <HOME>/.docker/contexts <-> /mnt/c/Users/nandi/.docker/contexts: syncNoop
-------------------------------------------------------------------------------->8
[2025-03-20T20:21:52.115647070Z][docker-desktop-user-distro] linkPathToWindows windowsPath = /mnt/c/Users/nandi/.aws, linkPath = <HOME>/.aws
[2025-03-20T20:21:52.262639301Z][docker-desktop-user-distro] no need to symlink <HOME>/.aws to /mnt/c/Users/nandi/.aws: they are the same path already
-------------------------------------------------------------------------------->8
[2025-03-20T20:21:54.588932621Z][docker-desktop-user-distro] linkPathToWindows windowsPath = /mnt/c/Users/nandi/.azure, linkPath = <HOME>/.azure
[2025-03-20T20:21:55.179442053Z][docker-desktop-user-distro] no need to symlink <HOME>/.azure to /mnt/c/Users/nandi/.azure: they are the same path already
-------------------------------------------------------------------------------->8
[2025-03-20T20:21:59.840239445Z][docker-desktop-user-distro] linkPathToWindows windowsPath = /mnt/c/Users/nandi/.docker/features.json, linkPath = ~/.docker/features.json
-------------------------------------------------------------------------------->8
[2025-03-21T07:16:40.562424221Z][docker-desktop-user-distro] syncContextStores <HOME>/.docker/contexts <-> /mnt/c/Users/nandi/.docker/contexts
[2025-03-21T07:16:40.587221638Z][docker-desktop-user-distro] syncContextStores <HOME>/.docker/contexts <-> /mnt/c/Users/nandi/.docker/contexts: syncNoop
-------------------------------------------------------------------------------->8
[2025-03-21T07:16:41.463178518Z][docker-desktop-user-distro] linkPathToWindows windowsPath = /mnt/c/Users/nandi/.aws, linkPath = <HOME>/.aws
[2025-03-21T07:16:41.490643355Z][docker-desktop-user-distro] no need to symlink <HOME>/.aws to /mnt/c/Users/nandi/.aws: they are the same path already
-------------------------------------------------------------------------------->8
[2025-03-21T07:16:42.465430729Z][docker-desktop-user-distro] linkPathToWindows windowsPath = /mnt/c/Users/nandi/.azure, linkPath = <HOME>/.azure
[2025-03-21T07:16:42.498462138Z][docker-desktop-user-distro] no need to symlink <HOME>/.azure to /mnt/c/Users/nandi/.azure: they are the same path already
-------------------------------------------------------------------------------->8
[2025-03-21T07:16:43.387640560Z][docker-desktop-user-distro] linkPathToWindows windowsPath = /mnt/c/Users/nandi/.docker/features.json, linkPath = ~/.docker/features.json
-------------------------------------------------------------------------------->8
[2025-03-23T16:57:32.147960655Z][docker-desktop-user-distro] syncContextStores <HOME>/.docker/contexts <-> /mnt/c/Users/nandi/.docker/contexts
[2025-03-23T16:57:32.177315385Z][docker-desktop-user-distro] syncContextStores <HOME>/.docker/contexts <-> /mnt/c/Users/nandi/.docker/contexts: syncNoop
-------------------------------------------------------------------------------->8
[2025-03-23T16:57:33.547250268Z][docker-desktop-user-distro] linkPathToWindows windowsPath = /mnt/c/Users/nandi/.aws, linkPath = <HOME>/.aws
[2025-03-23T16:57:33.689948360Z][docker-desktop-user-distro] no need to symlink <HOME>/.aws to /mnt/c/Users/nandi/.aws: they are the same path already
-------------------------------------------------------------------------------->8
[2025-03-23T16:57:36.003041621Z][docker-desktop-user-distro] linkPathToWindows windowsPath = /mnt/c/Users/nandi/.azure, linkPath = <HOME>/.azure
[2025-03-23T16:57:36.321190387Z][docker-desktop-user-distro] no need to symlink <HOME>/.azure to /mnt/c/Users/nandi/.azure: they are the same path already
-------------------------------------------------------------------------------->8
[2025-03-23T16:57:40.267124661Z][docker-desktop-user-distro] linkPathToWindows windowsPath = /mnt/c/Users/nandi/.docker/features.json, linkPath = ~/.docker/features.json
